nohup: ignoring input
fatal error, miss host key in config file at path config/conf
fatal error, miss port key in config file at path config/conf
 * Serving Flask app "main" (lazy loading)
 * Environment: production
   WARNING: This is a development server. Do not use it in a production deployment.
   Use a production WSGI server instead.
 * Debug mode: off
黑名单表查询成功
Both minEdu and maxEdu are NULL!
Both minAge and maxAge are NULL!
Both minWorkYear and maxWorkYear are NULL!
未传入薪水！
黑名单表查询成功
Both minEdu and maxEdu are NULL!
Both minAge and maxAge are NULL!
Both minWorkYear and maxWorkYear are NULL!
未传入薪水！
黑名单表查询成功
Both minEdu and maxEdu are NULL!
Both minAge and maxAge are NULL!
Both minWorkYear and maxWorkYear are NULL!
未传入薪水！
黑名单表查询成功
Both minEdu and maxEdu are NULL!
Both minAge and maxAge are NULL!
Both minWorkYear and maxWorkYear are NULL!
未传入薪水！
黑名单表查询成功
Both minEdu and maxEdu are NULL!
Both minAge and maxAge are NULL!
Both minWorkYear and maxWorkYear are NULL!
未传入薪水！
黑名单表查询成功
Both minEdu and maxEdu are NULL!
Both minAge and maxAge are NULL!
Both minWorkYear and maxWorkYear are NULL!
未传入薪水！
黑名单表查询成功
Both minEdu and maxEdu are NULL!
Both minAge and maxAge are NULL!
Both minWorkYear and maxWorkYear are NULL!
未传入薪水！
黑名单表查询成功
Both minEdu and maxEdu are NULL!
Both minAge and maxAge are NULL!
Both minWorkYear and maxWorkYear are NULL!
未传入薪水！
黑名单表查询成功
Both minEdu and maxEdu are NULL!
Both minAge and maxAge are NULL!
Both minWorkYear and maxWorkYear are NULL!
未传入薪水！
输入组合条件未得到结果！
黑名单表查询成功
Both minEdu and maxEdu are NULL!
Both minAge and maxAge are NULL!
Both minWorkYear and maxWorkYear are NULL!
未传入薪水！
黑名单表查询成功
Both minEdu and maxEdu are NULL!
Both minAge and maxAge are NULL!
Both minWorkYear and maxWorkYear are NULL!
未传入薪水！
黑名单表查询成功
Both minEdu and maxEdu are NULL!
Both minAge and maxAge are NULL!
Both minWorkYear and maxWorkYear are NULL!
未传入薪水！
黑名单表查询成功
Both minEdu and maxEdu are NULL!
Both minAge and maxAge are NULL!
Both minWorkYear and maxWorkYear are NULL!
未传入薪水！
黑名单表查询成功
Both minEdu and maxEdu are NULL!
Both minAge and maxAge are NULL!
Both minWorkYear and maxWorkYear are NULL!
未传入薪水！
黑名单表查询成功
Both minEdu and maxEdu are NULL!
Both minAge and maxAge are NULL!
Both minWorkYear and maxWorkYear are NULL!
未传入薪水！
黑名单表查询成功
Both minEdu and maxEdu are NULL!
Both minAge and maxAge are NULL!
Both minWorkYear and maxWorkYear are NULL!
未传入薪水！
黑名单表查询成功
Both minEdu and maxEdu are NULL!
Both minAge and maxAge are NULL!
Both minWorkYear and maxWorkYear are NULL!
未传入薪水！
黑名单表查询成功
Both minEdu and maxEdu are NULL!
Both minAge and maxAge are NULL!
Both minWorkYear and maxWorkYear are NULL!
未传入薪水！
黑名单表查询成功
Both minEdu and maxEdu are NULL!
Both minAge and maxAge are NULL!
Both minWorkYear and maxWorkYear are NULL!
未传入薪水！
黑名单表查询成功
Both minEdu and maxEdu are NULL!
Both minAge and maxAge are NULL!
Both minWorkYear and maxWorkYear are NULL!
未传入薪水！
黑名单表查询成功
Both minEdu and maxEdu are NULL!
Both minAge and maxAge are NULL!
Both minWorkYear and maxWorkYear are NULL!
未传入薪水！
黑名单表查询成功
Both minEdu and maxEdu are NULL!
Both minAge and maxAge are NULL!
Both minWorkYear and maxWorkYear are NULL!
未传入薪水！
黑名单表查询成功
Both minEdu and maxEdu are NULL!
Both minAge and maxAge are NULL!
Both minWorkYear and maxWorkYear are NULL!
未传入薪水！
黑名单表查询成功
Both minEdu and maxEdu are NULL!
Both minAge and maxAge are NULL!
Both minWorkYear and maxWorkYear are NULL!
未传入薪水！
黑名单表查询成功
Both minEdu and maxEdu are NULL!
Both minAge and maxAge are NULL!
Both minWorkYear and maxWorkYear are NULL!
未传入薪水！
黑名单表查询成功
Both minEdu and maxEdu are NULL!
Both minAge and maxAge are NULL!
Both minWorkYear and maxWorkYear are NULL!
未传入薪水！
黑名单表查询成功
Both minEdu and maxEdu are NULL!
Both minAge and maxAge are NULL!
Both minWorkYear and maxWorkYear are NULL!
未传入薪水！
黑名单表查询成功
Both minEdu and maxEdu are NULL!
Both minAge and maxAge are NULL!
Both minWorkYear and maxWorkYear are NULL!
未传入薪水！
黑名单表查询成功
Both minEdu and maxEdu are NULL!
Both minAge and maxAge are NULL!
Both minWorkYear and maxWorkYear are NULL!
未传入薪水！
黑名单表查询成功
Both minEdu and maxEdu are NULL!
Both minAge and maxAge are NULL!
Both minWorkYear and maxWorkYear are NULL!
未传入薪水！
黑名单表查询成功
Both minEdu and maxEdu are NULL!
Both minAge and maxAge are NULL!
Both minWorkYear and maxWorkYear are NULL!
未传入薪水！
黑名单表查询成功
Both minEdu and maxEdu are NULL!
Both minAge and maxAge are NULL!
Both minWorkYear and maxWorkYear are NULL!
未传入薪水！
黑名单表查询成功
Both minEdu and maxEdu are NULL!
Both minAge and maxAge are NULL!
Both minWorkYear and maxWorkYear are NULL!
未传入薪水！
黑名单表查询成功
Both minEdu and maxEdu are NULL!
Both minAge and maxAge are NULL!
Both minWorkYear and maxWorkYear are NULL!
未传入薪水！
黑名单表查询成功
Both minEdu and maxEdu are NULL!
Both minAge and maxAge are NULL!
Both minWorkYear and maxWorkYear are NULL!
未传入薪水！
黑名单表查询成功
Both minEdu and maxEdu are NULL!
Both minAge and maxAge are NULL!
Both minWorkYear and maxWorkYear are NULL!
未传入薪水！
黑名单表查询成功
Both minEdu and maxEdu are NULL!
Both minAge and maxAge are NULL!
Both minWorkYear and maxWorkYear are NULL!
未传入薪水！
黑名单表查询成功
Both minEdu and maxEdu are NULL!
Both minAge and maxAge are NULL!
Both minWorkYear and maxWorkYear are NULL!
未传入薪水！
黑名单表查询成功
Both minEdu and maxEdu are NULL!
Both minAge and maxAge are NULL!
Both minWorkYear and maxWorkYear are NULL!
未传入薪水！
黑名单表查询成功
Both minEdu and maxEdu are NULL!
Both minAge and maxAge are NULL!
Both minWorkYear and maxWorkYear are NULL!
未传入薪水！
黑名单表查询成功
Both minEdu and maxEdu are NULL!
Both minAge and maxAge are NULL!
Both minWorkYear and maxWorkYear are NULL!
未传入薪水！
黑名单表查询成功
Both minEdu and maxEdu are NULL!
Both minAge and maxAge are NULL!
Both minWorkYear and maxWorkYear are NULL!
未传入薪水！
黑名单表查询成功
Both minEdu and maxEdu are NULL!
Both minAge and maxAge are NULL!
Both minWorkYear and maxWorkYear are NULL!
未传入薪水！
黑名单表查询成功
Both minEdu and maxEdu are NULL!
Both minAge and maxAge are NULL!
Both minWorkYear and maxWorkYear are NULL!
未传入薪水！
黑名单表查询成功
Both minEdu and maxEdu are NULL!
Both minAge and maxAge are NULL!
Both minWorkYear and maxWorkYear are NULL!
未传入薪水！
黑名单表查询成功
Both minEdu and maxEdu are NULL!
Both minAge and maxAge are NULL!
Both minWorkYear and maxWorkYear are NULL!
未传入薪水！
黑名单表查询成功
Both minEdu and maxEdu are NULL!
Both minAge and maxAge are NULL!
Both minWorkYear and maxWorkYear are NULL!
未传入薪水！
黑名单表查询成功
Both minEdu and maxEdu are NULL!
Both minAge and maxAge are NULL!
Both minWorkYear and maxWorkYear are NULL!
未传入薪水！
